<?xml version="1.0" encoding="UTF-8"?>
<testng-results ignored="0" total="1" passed="1" failed="0" skipped="0">
  <reporter-output>
  </reporter-output>
  <suite started-at="2022-12-21T15:07:43 IST" name="InetBankingV11" finished-at="2022-12-21T15:07:53 IST" duration-ms="9838">
    <groups>
    </groups>
    <test started-at="2022-12-21T15:07:43 IST" name="Naukri login" finished-at="2022-12-21T15:07:53 IST" duration-ms="9838">
      <class name="com.Hybrid_FrameWork.TestCases.Test1">
        <test-method is-config="true" signature="initBrowser(java.lang.String)[pri:0, instance:com.Hybrid_FrameWork.TestCases.Test1@10feca44]" started-at="2022-12-21T15:07:43 IST" name="initBrowser" finished-at="2022-12-21T15:07:46 IST" duration-ms="3212" status="PASS">
          <params>
            <param index="0">
              <value>
                <![CDATA[chrome]]>
              </value>
            </param>
          </params>
          <reporter-output>
          </reporter-output>
        </test-method> <!-- initBrowser -->
        <test-method signature="loginTest()[pri:0, instance:com.Hybrid_FrameWork.TestCases.Test1@10feca44]" started-at="2022-12-21T15:07:46 IST" name="loginTest" finished-at="2022-12-21T15:07:52 IST" duration-ms="5990" status="PASS">
          <reporter-output>
          </reporter-output>
        </test-method> <!-- loginTest -->
        <test-method is-config="true" signature="closeBrowser()[pri:0, instance:com.Hybrid_FrameWork.TestCases.Test1@10feca44]" started-at="2022-12-21T15:07:52 IST" name="closeBrowser" finished-at="2022-12-21T15:07:53 IST" duration-ms="258" status="PASS">
          <reporter-output>
          </reporter-output>
        </test-method> <!-- closeBrowser -->
      </class> <!-- com.Hybrid_FrameWork.TestCases.Test1 -->
    </test> <!-- Naukri login -->
  </suite> <!-- InetBankingV11 -->
</testng-results>
